<?xml version="1.0" encoding="UTF-8"?>
<!-- Generated by org.testng.reporters.JUnitXMLReporter -->
<testsuite hostname="mukta" ignored="2" name="Dropdown Test" tests="2" failures="0" timestamp="2021-02-02T13:52:44 IST" time="21.422" errors="0">
  <testcase name="test" time="4.004" classname="selenium.dropdowns.DynamicDropdown"/>
  <testcase name="test" time="3.501" classname="selenium.dropdowns.StaticDropdown"/>
  <testcase name="@AfterTest shutDropdown" time="0.0" classname="selenium.dropdowns.BeforeTestExecution">
    <ignored/>
  </testcase> <!-- @AfterTest shutDropdown -->
  <testcase name="@BeforeTest setupDropdown" time="0.0" classname="selenium.dropdowns.BeforeTestExecution">
    <ignored/>
  </testcase> <!-- @BeforeTest setupDropdown -->
</testsuite> <!-- Dropdown Test -->
