<?xml version="1.0" encoding="UTF-8"?>
<!-- Generated by org.testng.reporters.JUnitXMLReporter -->
<testsuite hostname="mukta" ignored="4" name="Dropdown Test" tests="3" failures="0" timestamp="2021-02-02T20:54:18 IST" time="19.484" errors="0">
  <testcase name="test" time="1.232" classname="selenium.dropdowns.AutosuggestiveDropdown"/>
  <testcase name="test" time="1.685" classname="selenium.dropdowns.DynamicDropdown"/>
  <testcase name="test" time="3.667" classname="selenium.dropdowns.StaticDropdown"/>
  <testcase name="@AfterTest shutDropdown" time="0.0" classname="selenium.dropdowns.BeforeTestExecution">
    <ignored/>
  </testcase> <!-- @AfterTest shutDropdown -->
  <testcase name="@AfterTest shutDropdown" time="0.0" classname="selenium.dropdowns.BeforeTestExecution">
    <ignored/>
  </testcase> <!-- @AfterTest shutDropdown -->
  <testcase name="@BeforeTest setupDropdown" time="0.0" classname="selenium.dropdowns.BeforeTestExecution">
    <ignored/>
  </testcase> <!-- @BeforeTest setupDropdown -->
  <testcase name="@BeforeTest setupDropdown" time="0.0" classname="selenium.dropdowns.BeforeTestExecution">
    <ignored/>
  </testcase> <!-- @BeforeTest setupDropdown -->
</testsuite> <!-- Dropdown Test -->
