<?xml version="1.0" encoding="UTF-8"?>
<testng-results skipped="0" failed="0" ignored="0" total="1" passed="1">
  <reporter-output>
  </reporter-output>
  <suite name="Selenium Suite" duration-ms="17715" started-at="2021-02-02T10:12:11 IST" finished-at="2021-02-02T10:12:29 IST">
    <groups>
    </groups>
    <test name="Dropdown Test" duration-ms="17715" started-at="2021-02-02T10:12:11 IST" finished-at="2021-02-02T10:12:29 IST">
      <class name="selenium.dropdowns.StaticDropdown">
        <test-method status="PASS" signature="setupDropdown()[pri:0, instance:selenium.dropdowns.StaticDropdown@3327bd23]" name="setupDropdown" is-config="true" duration-ms="14186" started-at="2021-02-02T10:12:11 IST" finished-at="2021-02-02T10:12:25 IST">
          <reporter-output>
          </reporter-output>
        </test-method> <!-- setupDropdown -->
        <test-method status="PASS" signature="test()[pri:0, instance:selenium.dropdowns.StaticDropdown@3327bd23]" name="test" duration-ms="3300" started-at="2021-02-02T10:12:25 IST" finished-at="2021-02-02T10:12:29 IST">
          <reporter-output>
          </reporter-output>
        </test-method> <!-- test -->
        <test-method status="PASS" signature="shutDropdown()[pri:0, instance:selenium.dropdowns.StaticDropdown@3327bd23]" name="shutDropdown" is-config="true" duration-ms="135" started-at="2021-02-02T10:12:29 IST" finished-at="2021-02-02T10:12:29 IST">
          <reporter-output>
          </reporter-output>
        </test-method> <!-- shutDropdown -->
      </class> <!-- selenium.dropdowns.StaticDropdown -->
    </test> <!-- Dropdown Test -->
  </suite> <!-- Selenium Suite -->
</testng-results>
