<?xml version="1.0" encoding="UTF-8"?>
<testng-results skipped="0" failed="0" ignored="0" total="1" passed="1">
  <reporter-output>
  </reporter-output>
  <suite name="Selenium Suite" duration-ms="135" started-at="2021-02-02T09:33:20 IST" finished-at="2021-02-02T09:33:21 IST">
    <groups>
    </groups>
    <test name="Dropdown Test" duration-ms="135" started-at="2021-02-02T09:33:20 IST" finished-at="2021-02-02T09:33:21 IST">
      <class name="selenium.dropdowns.StaticDropdown">
        <test-method status="PASS" signature="test()[pri:0, instance:selenium.dropdowns.StaticDropdown@79be0360]" name="test" duration-ms="27" started-at="2021-02-02T09:33:21 IST" finished-at="2021-02-02T09:33:21 IST">
          <reporter-output>
          </reporter-output>
        </test-method> <!-- test -->
      </class> <!-- selenium.dropdowns.StaticDropdown -->
    </test> <!-- Dropdown Test -->
  </suite> <!-- Selenium Suite -->
</testng-results>
